<?xml version="1.0" encoding="UTF-8"?>
<!-- Generated by org.testng.reporters.JUnitReportReporter -->
<testsuite hostname="Dizerc" name="com.Annotation2" tests="1" failures="0" timestamp="5 Nov 2018 06:03:46 GMT" time="12.278" errors="0">
  <testcase name="Test1" time="12.278" classname="com.Annotation2"/>
</testsuite> <!-- com.Annotation2 -->
